This is pdfTeX, Version 3.14159265-2.6-1.40.21 (TeX Live 2020) (preloaded format=pdflatex 2020.4.7)  9 DEC 2020 21:46
entering extended mode
 restricted \write18 enabled.
 file:line:error style messages enabled.
 %&-line parsing enabled.
**/Users/ishaansathaye/Documents/GitHub/LinAlg-MultivarCalc/MarkovProject/MarkovChainsLaTeX/documentation.tex
(/Users/ishaansathaye/Documents/GitHub/LinAlg-MultivarCalc/MarkovProject/MarkovChainsLaTeX/documentation.tex
LaTeX2e <2020-02-02> patch level 5
L3 programming layer <2020-03-06> (/usr/local/texlive/2020/texmf-dist/tex/latex/base/article.cls
Document Class: article 2019/12/20 v1.4l Standard LaTeX document class
(/usr/local/texlive/2020/texmf-dist/tex/latex/base/size10.clo
File: size10.clo 2019/12/20 v1.4l Standard LaTeX file (size option)
)
\c@part=\count167
\c@section=\count168
\c@subsection=\count169
\c@subsubsection=\count170
\c@paragraph=\count171
\c@subparagraph=\count172
\c@figure=\count173
\c@table=\count174
\abovecaptionskip=\skip47
\belowcaptionskip=\skip48
\bibindent=\dimen134
) (/usr/local/texlive/2020/texmf-dist/tex/latex/base/inputenc.sty
Package: inputenc 2018/08/11 v1.3c Input encoding file
\inpenc@prehook=\toks15
\inpenc@posthook=\toks16
) (/usr/local/texlive/2020/texmf-dist/tex/latex/amsmath/amsmath.sty
Package: amsmath 2020/01/20 v2.17e AMS math features
\@mathmargin=\skip49

For additional information on amsmath, use the `?' option.
(/usr/local/texlive/2020/texmf-dist/tex/latex/amsmath/amstext.sty
Package: amstext 2000/06/29 v2.01 AMS text
 (/usr/local/texlive/2020/texmf-dist/tex/latex/amsmath/amsgen.sty
File: amsgen.sty 1999/11/30 v2.0 generic functions
\@emptytoks=\toks17
\ex@=\dimen135
)) (/usr/local/texlive/2020/texmf-dist/tex/latex/amsmath/amsbsy.sty
Package: amsbsy 1999/11/29 v1.2d Bold Symbols
\pmbraise@=\dimen136
) (/usr/local/texlive/2020/texmf-dist/tex/latex/amsmath/amsopn.sty
Package: amsopn 2016/03/08 v2.02 operator names
)
\inf@bad=\count175
LaTeX Info: Redefining \frac on input line 227.
\uproot@=\count176
\leftroot@=\count177
LaTeX Info: Redefining \overline on input line 389.
\classnum@=\count178
\DOTSCASE@=\count179
LaTeX Info: Redefining \ldots on input line 486.
LaTeX Info: Redefining \dots on input line 489.
LaTeX Info: Redefining \cdots on input line 610.
\Mathstrutbox@=\box45
\strutbox@=\box46
\big@size=\dimen137
LaTeX Font Info:    Redeclaring font encoding OML on input line 733.
LaTeX Font Info:    Redeclaring font encoding OMS on input line 734.
\macc@depth=\count180
\c@MaxMatrixCols=\count181
\dotsspace@=\muskip16
\c@parentequation=\count182
\dspbrk@lvl=\count183
\tag@help=\toks18
\row@=\count184
\column@=\count185
\maxfields@=\count186
\andhelp@=\toks19
\eqnshift@=\dimen138
\alignsep@=\dimen139
\tagshift@=\dimen140
\tagwidth@=\dimen141
\totwidth@=\dimen142
\lineht@=\dimen143
\@envbody=\toks20
\multlinegap=\skip50
\multlinetaggap=\skip51
\mathdisplay@stack=\toks21
LaTeX Info: Redefining \[ on input line 2859.
LaTeX Info: Redefining \] on input line 2860.
) (/usr/local/texlive/2020/texmf-dist/tex/latex/hyperref/hyperref.sty
Package: hyperref 2020/01/14 v7.00d Hypertext links for LaTeX
 (/usr/local/texlive/2020/texmf-dist/tex/generic/ltxcmds/ltxcmds.sty
Package: ltxcmds 2019/12/15 v1.24 LaTeX kernel commands for general use (HO)
) (/usr/local/texlive/2020/texmf-dist/tex/generic/iftex/iftex.sty
Package: iftex 2020/03/06 v1.0d TeX engine tests
) (/usr/local/texlive/2020/texmf-dist/tex/latex/pdftexcmds/pdftexcmds.sty
Package: pdftexcmds 2019/11/24 v0.31 Utility functions of pdfTeX for LuaTeX (HO)
 (/usr/local/texlive/2020/texmf-dist/tex/generic/infwarerr/infwarerr.sty
Package: infwarerr 2019/12/03 v1.5 Providing info/warning/error messages (HO)
)
Package pdftexcmds Info: \pdf@primitive is available.
Package pdftexcmds Info: \pdf@ifprimitive is available.
Package pdftexcmds Info: \pdfdraftmode found.
) (/usr/local/texlive/2020/texmf-dist/tex/latex/graphics/keyval.sty
Package: keyval 2014/10/28 v1.15 key=value parser (DPC)
\KV@toks@=\toks22
) (/usr/local/texlive/2020/texmf-dist/tex/generic/kvsetkeys/kvsetkeys.sty
Package: kvsetkeys 2019/12/15 v1.18 Key value parser (HO)
) (/usr/local/texlive/2020/texmf-dist/tex/generic/kvdefinekeys/kvdefinekeys.sty
Package: kvdefinekeys 2019-12-19 v1.6 Define keys (HO)
) (/usr/local/texlive/2020/texmf-dist/tex/generic/pdfescape/pdfescape.sty
Package: pdfescape 2019/12/09 v1.15 Implements pdfTeX's escape features (HO)
) (/usr/local/texlive/2020/texmf-dist/tex/latex/hycolor/hycolor.sty
Package: hycolor 2020-01-27 v1.10 Color options for hyperref/bookmark (HO)
) (/usr/local/texlive/2020/texmf-dist/tex/latex/letltxmacro/letltxmacro.sty
Package: letltxmacro 2019/12/03 v1.6 Let assignment for LaTeX macros (HO)
) (/usr/local/texlive/2020/texmf-dist/tex/latex/auxhook/auxhook.sty
Package: auxhook 2019-12-17 v1.6 Hooks for auxiliary files (HO)
) (/usr/local/texlive/2020/texmf-dist/tex/latex/kvoptions/kvoptions.sty
Package: kvoptions 2019/11/29 v3.13 Key value format for package options (HO)
)
\@linkdim=\dimen144
\Hy@linkcounter=\count187
\Hy@pagecounter=\count188
 (/usr/local/texlive/2020/texmf-dist/tex/latex/hyperref/pd1enc.def
File: pd1enc.def 2020/01/14 v7.00d Hyperref: PDFDocEncoding definition (HO)
Now handling font encoding PD1 ...
... no UTF-8 mapping file for font encoding PD1
) (/usr/local/texlive/2020/texmf-dist/tex/generic/intcalc/intcalc.sty
Package: intcalc 2019/12/15 v1.3 Expandable calculations with integers (HO)
) (/usr/local/texlive/2020/texmf-dist/tex/generic/etexcmds/etexcmds.sty
Package: etexcmds 2019/12/15 v1.7 Avoid name clashes with e-TeX commands (HO)
)
\Hy@SavedSpaceFactor=\count189
Package hyperref Info: Hyper figures OFF on input line 4547.
Package hyperref Info: Link nesting OFF on input line 4552.
Package hyperref Info: Hyper index ON on input line 4555.
Package hyperref Info: Plain pages OFF on input line 4562.
Package hyperref Info: Backreferencing OFF on input line 4567.
Package hyperref Info: Implicit mode ON; LaTeX internals redefined.
Package hyperref Info: Bookmarks ON on input line 4800.
\c@Hy@tempcnt=\count190
 (/usr/local/texlive/2020/texmf-dist/tex/latex/url/url.sty
\Urlmuskip=\muskip17
Package: url 2013/09/16  ver 3.4  Verb mode for urls, etc.
)
LaTeX Info: Redefining \url on input line 5159.
\XeTeXLinkMargin=\dimen145
 (/usr/local/texlive/2020/texmf-dist/tex/generic/bitset/bitset.sty
Package: bitset 2019/12/09 v1.3 Handle bit-vector datatype (HO)
 (/usr/local/texlive/2020/texmf-dist/tex/generic/bigintcalc/bigintcalc.sty
Package: bigintcalc 2019/12/15 v1.5 Expandable calculations on big integers (HO)
))
\Fld@menulength=\count191
\Field@Width=\dimen146
\Fld@charsize=\dimen147
Package hyperref Info: Hyper figures OFF on input line 6430.
Package hyperref Info: Link nesting OFF on input line 6435.
Package hyperref Info: Hyper index ON on input line 6438.
Package hyperref Info: backreferencing OFF on input line 6445.
Package hyperref Info: Link coloring OFF on input line 6450.
Package hyperref Info: Link coloring with OCG OFF on input line 6455.
Package hyperref Info: PDF/A mode OFF on input line 6460.
LaTeX Info: Redefining \ref on input line 6500.
LaTeX Info: Redefining \pageref on input line 6504.
 (/usr/local/texlive/2020/texmf-dist/tex/generic/atbegshi/atbegshi.sty
Package: atbegshi 2019/12/05 v1.19 At begin shipout hook (HO)
)
\Hy@abspage=\count192
\c@Item=\count193
\c@Hfootnote=\count194
)
Package hyperref Info: Driver (autodetected): hpdftex.
 (/usr/local/texlive/2020/texmf-dist/tex/latex/hyperref/hpdftex.def
File: hpdftex.def 2020/01/14 v7.00d Hyperref driver for pdfTeX
 (/usr/local/texlive/2020/texmf-dist/tex/latex/atveryend/atveryend.sty
Package: atveryend 2019-12-11 v1.11 Hooks at the very end of document (HO)
Package atveryend Info: \enddocument detected (standard20110627).
)
\Fld@listcount=\count195
\c@bookmark@seq@number=\count196
 (/usr/local/texlive/2020/texmf-dist/tex/latex/rerunfilecheck/rerunfilecheck.sty
Package: rerunfilecheck 2019/12/05 v1.9 Rerun checks for auxiliary files (HO)
 (/usr/local/texlive/2020/texmf-dist/tex/generic/uniquecounter/uniquecounter.sty
Package: uniquecounter 2019/12/15 v1.4 Provide unlimited unique counter (HO)
)
Package uniquecounter Info: New unique counter `rerunfilecheck' on input line 286.
)
\Hy@SectionHShift=\skip52
) (/usr/local/texlive/2020/texmf-dist/tex/latex/changepage/changepage.sty
Package: changepage 2009/10/20 v1.0c check page and change page layout
\c@cp@cntr=\count197
\cp@tempcnt=\count198
) (/usr/local/texlive/2020/texmf-dist/tex/latex/easy/easytable.sty
Document Style `easytable' v1.0 <2001/06/13>.
(/usr/local/texlive/2020/texmf-dist/tex/latex/easy/easy.sty
Document Style `easy' v1.1 <2001/05/31>.
Package: easy 2001/05/31 v1.1
\@easy@level=\count199
\@easy@ncol=\count266
\@easy@nrow=\count267
\@easy@cnt=\count268
\@easy@boxviii=\box47
\@easy@minxviii=\dimen148
\@easy@minyviii=\dimen149
\@easy@maxxviii=\dimen150
\@easy@maxyviii=\dimen151
\@easy@boxvii=\box48
\@easy@minxvii=\dimen152
\@easy@minyvii=\dimen153
\@easy@maxxvii=\dimen154
\@easy@maxyvii=\dimen155
\@easy@boxvi=\box49
\@easy@minxvi=\dimen156
\@easy@minyvi=\dimen157
\@easy@maxxvi=\dimen158
\@easy@maxyvi=\dimen159
\@easy@boxv=\box50
\@easy@minxv=\dimen160
\@easy@minyv=\dimen161
\@easy@maxxv=\dimen162
\@easy@maxyv=\dimen163
\@easy@boxiv=\box51
\@easy@minxiv=\dimen164
\@easy@minyiv=\dimen165
\@easy@maxxiv=\dimen166
\@easy@maxyiv=\dimen167
\@easy@boxiii=\box52
\@easy@minxiii=\dimen168
\@easy@minyiii=\dimen169
\@easy@maxxiii=\dimen170
\@easy@maxyiii=\dimen171
\@easy@boxii=\box53
\@easy@minxii=\dimen172
\@easy@minyii=\dimen173
\@easy@maxxii=\dimen174
\@easy@maxyii=\dimen175
\@easy@boxi=\box54
\@easy@minxi=\dimen176
\@easy@minyi=\dimen177
\@easy@maxxi=\dimen178
\@easy@maxyi=\dimen179
\@easy@hsizexxx=\dimen180
\@easy@vsizexxx=\dimen181
\@easy@hsizexxix=\dimen182
\@easy@vsizexxix=\dimen183
\@easy@hsizexxviii=\dimen184
\@easy@vsizexxviii=\dimen185
\@easy@hsizexxvii=\dimen186
\@easy@vsizexxvii=\dimen187
\@easy@hsizexxvi=\dimen188
\@easy@vsizexxvi=\dimen189
\@easy@hsizexxv=\dimen190
\@easy@vsizexxv=\dimen191
\@easy@hsizexxiv=\dimen192
\@easy@vsizexxiv=\dimen193
\@easy@hsizexxiii=\dimen194
\@easy@vsizexxiii=\dimen195
\@easy@hsizexxii=\dimen196
\@easy@vsizexxii=\dimen197
\@easy@hsizexxi=\dimen198
\@easy@vsizexxi=\dimen199
\@easy@hsizexx=\dimen256
\@easy@vsizexx=\dimen257
\@easy@hsizexix=\dimen258
\@easy@vsizexix=\dimen259
\@easy@hsizexviii=\dimen260
\@easy@vsizexviii=\dimen261
\@easy@hsizexvii=\dimen262
\@easy@vsizexvii=\dimen263
\@easy@hsizexvi=\dimen264
\@easy@vsizexvi=\dimen265
\@easy@hsizexv=\dimen266
\@easy@vsizexv=\dimen267
\@easy@hsizexiv=\dimen268
\@easy@vsizexiv=\dimen269
\@easy@hsizexiii=\dimen270
\@easy@vsizexiii=\dimen271
\@easy@hsizexii=\dimen272
\@easy@vsizexii=\dimen273
\@easy@hsizexi=\dimen274
\@easy@vsizexi=\dimen275
\@easy@hsizex=\dimen276
\@easy@vsizex=\dimen277
\@easy@hsizeix=\dimen278
\@easy@vsizeix=\dimen279
\@easy@hsizeviii=\dimen280
\@easy@vsizeviii=\dimen281
\@easy@hsizevii=\dimen282
\@easy@vsizevii=\dimen283
\@easy@hsizevi=\dimen284
\@easy@vsizevi=\dimen285
\@easy@hsizev=\dimen286
\@easy@vsizev=\dimen287
\@easy@hsizeiv=\dimen288
\@easy@vsizeiv=\dimen289
\@easy@hsizeiii=\dimen290
\@easy@vsizeiii=\dimen291
\@easy@hsizeii=\dimen292
\@easy@vsizeii=\dimen293
\@easy@hsizei=\dimen294
\@easy@vsizei=\dimen295
\@easy@dash@len=\dimen296
\@easy@dash@sep=\dimen297
)
Package: easytable 2001/05/31v1.1
\@tab@size@rule=\dimen298
\@tab@size@dash=\dimen299
) (/usr/local/texlive/2020/texmf-dist/tex/latex/tools/array.sty
Package: array 2019/08/31 v2.4l Tabular extension package (FMi)
\col@sep=\dimen300
\ar@mcellbox=\box55
\extrarowheight=\dimen301
\NC@list=\toks23
\extratabsurround=\skip53
\backup@length=\skip54
\ar@cellbox=\box56
) (/usr/local/texlive/2020/texmf-dist/tex/latex/l3backend/l3backend-pdfmode.def
File: l3backend-pdfmode.def 2020-03-12 L3 backend support: PDF mode
\l__kernel_color_stack_int=\count269
\l__pdf_internal_box=\box57
) (/Users/ishaansathaye/Documents/GitHub/LinAlg-MultivarCalc/MarkovProject/MarkovChainsLaTeX/documentation.aux)
\openout1 = `documentation.aux'.

LaTeX Font Info:    Checking defaults for OML/cmm/m/it on input line 9.
LaTeX Font Info:    ... okay on input line 9.
LaTeX Font Info:    Checking defaults for OMS/cmsy/m/n on input line 9.
LaTeX Font Info:    ... okay on input line 9.
LaTeX Font Info:    Checking defaults for OT1/cmr/m/n on input line 9.
LaTeX Font Info:    ... okay on input line 9.
LaTeX Font Info:    Checking defaults for T1/cmr/m/n on input line 9.
LaTeX Font Info:    ... okay on input line 9.
LaTeX Font Info:    Checking defaults for TS1/cmr/m/n on input line 9.
LaTeX Font Info:    ... okay on input line 9.
LaTeX Font Info:    Checking defaults for OMX/cmex/m/n on input line 9.
LaTeX Font Info:    ... okay on input line 9.
LaTeX Font Info:    Checking defaults for U/cmr/m/n on input line 9.
LaTeX Font Info:    ... okay on input line 9.
LaTeX Font Info:    Checking defaults for PD1/pdf/m/n on input line 9.
LaTeX Font Info:    ... okay on input line 9.
\AtBeginShipoutBox=\box58
Package hyperref Info: Link coloring OFF on input line 9.
 (/usr/local/texlive/2020/texmf-dist/tex/latex/hyperref/nameref.sty
Package: nameref 2019/09/16 v2.46 Cross-referencing by name of section
 (/usr/local/texlive/2020/texmf-dist/tex/latex/refcount/refcount.sty
Package: refcount 2019/12/15 v3.6 Data extraction from label references (HO)
) (/usr/local/texlive/2020/texmf-dist/tex/generic/gettitlestring/gettitlestring.sty
Package: gettitlestring 2019/12/15 v1.6 Cleanup title references (HO)
)
\c@section@level=\count270
)
LaTeX Info: Redefining \ref on input line 9.
LaTeX Info: Redefining \pageref on input line 9.
LaTeX Info: Redefining \nameref on input line 9.
 (/Users/ishaansathaye/Documents/GitHub/LinAlg-MultivarCalc/MarkovProject/MarkovChainsLaTeX/documentation.out) (/Users/ishaansathaye/Documents/GitHub/LinAlg-MultivarCalc/MarkovProject/MarkovChainsLaTeX/documentation.out)
\@outlinefile=\write3
\openout3 = `documentation.out'.

 [1

{/usr/local/texlive/2020/texmf-var/fonts/map/pdftex/updmap/pdftex.map}] (/Users/ishaansathaye/Documents/GitHub/LinAlg-MultivarCalc/MarkovProject/MarkovChainsLaTeX/documentation.toc)
\tf@toc=\write4
\openout4 = `documentation.toc'.

pdfTeX warning (ext4): destination with the same identifier (name{page.1}) has been already used, duplicate ignored
<to be read again> 
                   \relax 
l.30 \newpage
              [1]
Underfull \hbox (badness 10000) in paragraph at lines 42--43

 []


Underfull \hbox (badness 10000) in paragraph at lines 47--48

 []

[2]
Underfull \hbox (badness 10000) in paragraph at lines 85--88

 []


Underfull \hbox (badness 10000) in paragraph at lines 89--90

 []


Underfull \hbox (badness 10000) in paragraph at lines 98--99
[]|\OT1/cmr/m/n/10 Adventure,
 []


Underfull \hbox (badness 10000) in paragraph at lines 98--99
\OT1/cmr/m/n/10 An-i-ma-tion,
 []


Underfull \hbox (badness 10000) in paragraph at lines 98--99
\OT1/cmr/m/n/10 Chil-dren,
 []


Underfull \hbox (badness 10000) in paragraph at lines 98--99
\OT1/cmr/m/n/10 Com-edy,
 []


Underfull \hbox (badness 10000) in paragraph at lines 100--101
[]|\OT1/cmr/m/n/10 Adventure,
 []


Underfull \hbox (badness 10000) in paragraph at lines 100--101
\OT1/cmr/m/n/10 Chil-dren,
 []


Underfull \hbox (badness 10000) in paragraph at lines 102--103
[]|\OT1/cmr/m/n/10 Comedy,
 []


Underfull \hbox (badness 10000) in paragraph at lines 104--105
[]|\OT1/cmr/m/n/10 Comedy,
 []


Underfull \hbox (badness 10000) in paragraph at lines 104--105
\OT1/cmr/m/n/10 Drama,
 []

[3] [4]
Overfull \hbox (6.26956pt too wide) in paragraph at lines 176--176
[]|\OT1/cmr/m/n/10 movieId| 
 []


Underfull \hbox (badness 2343) in paragraph at lines 178--178
[]|\OT1/cmr/m/n/10 [Action, Ad-ven-ture, Chil-dren,
 []


Underfull \hbox (badness 3492) in paragraph at lines 180--180
[]|\OT1/cmr/m/n/10 [Adventure, An-i-ma-tion, Chil-
 []


Underfull \hbox (badness 10000) in paragraph at lines 182--182
[]|\OT1/cmr/m/n/10 Megiddo:
 []


Underfull \hbox (badness 4193) in paragraph at lines 182--182
\OT1/cmr/m/n/10 The Omega
 []


Underfull \hbox (badness 6188) in paragraph at lines 182--182
[]|\OT1/cmr/m/n/10 [Action, Ad-ven-ture, Fan-tasy,
 []


Underfull \hbox (badness 10000) in paragraph at lines 184--184
[]|\OT1/cmr/m/n/10 Treasure
 []


Underfull \hbox (badness 3492) in paragraph at lines 184--184
[]|\OT1/cmr/m/n/10 [Adventure, An-i-ma-tion, Chil-
 []


Underfull \hbox (badness 10000) in paragraph at lines 186--186
[]|\OT1/cmr/m/n/10 Laputa:
 []


Underfull \hbox (badness 5519) in paragraph at lines 186--186
\OT1/cmr/m/n/10 Sky (Tenk^u
 []


Underfull \hbox (badness 10000) in paragraph at lines 186--186
\OT1/cmr/m/n/10 no shiro
 []


Underfull \hbox (badness 10000) in paragraph at lines 188--188
[]|\OT1/cmr/m/n/10 Matrix
 []


Underfull \hbox (badness 10000) in paragraph at lines 188--188
\OT1/cmr/m/n/10 Reloaded,
 []


Underfull \hbox (badness 10000) in paragraph at lines 188--188
[]|\OT1/cmr/m/n/10 [Action, Ad-ven-ture, Sci-Fi,
 []

[5]
Underfull \hbox (badness 10000) in paragraph at lines 196--198

 []


Underfull \hbox (badness 10000) in paragraph at lines 236--237

 []

[6]
Package atveryend Info: Empty hook `BeforeClearDocument' on input line 271.
 [7]
Package atveryend Info: Empty hook `AfterLastShipout' on input line 271.
 (/Users/ishaansathaye/Documents/GitHub/LinAlg-MultivarCalc/MarkovProject/MarkovChainsLaTeX/documentation.aux)
Package atveryend Info: Executing hook `AtVeryEndDocument' on input line 271.
Package atveryend Info: Executing hook `AtEndAfterFileList' on input line 271.
Package rerunfilecheck Info: File `documentation.out' has not changed.
(rerunfilecheck)             Checksum: A6C22373BD212BAD03125FC333AA2521;463.
Package atveryend Info: Empty hook `AtVeryVeryEnd' on input line 271.
 ) 
Here is how much of TeX's memory you used:
 5373 strings out of 480608
 83416 string characters out of 5903631
 354079 words of memory out of 5000000
 21176 multiletter control sequences out of 15000+600000
 535430 words of font info for 35 fonts, out of 8000000 for 9000
 1141 hyphenation exceptions out of 8191
 34i,9n,29p,320b,387s stack positions out of 5000i,500n,10000p,200000b,80000s
</usr/local/texlive/2020/texmf-dist/fonts/type1/public/amsfonts/cm/cmbx10.pfb></usr/local/texlive/2020/texmf-dist/fonts/type1/public/amsfonts/cm/cmbx12.pfb></usr/local/texlive/2020/texmf-dist/fonts/type1/public/amsfonts/cm/cmex10.pfb></usr/local/texlive/2020/texmf-dist/fonts/type1/public/amsfonts/cm/cmmi10.pfb></usr/local/texlive/2020/texmf-dist/fonts/type1/public/amsfonts/cm/cmr10.pfb></usr/local/texlive/2020/texmf-dist/fonts/type1/public/amsfonts/cm/cmr7.pfb></usr/local/texlive/2020/texmf-dist/fonts/type1/public/amsfonts/cm/cmti10.pfb></usr/local/texlive/2020/texmf-dist/fonts/type1/public/amsfonts/cm/cmtt10.pfb>
Output written on /Users/ishaansathaye/Documents/GitHub/LinAlg-MultivarCalc/MarkovProject/MarkovChainsLaTeX/documentation.pdf (8 pages, 118932 bytes).
PDF statistics:
 127 PDF objects out of 1000 (max. 8388607)
 107 compressed objects within 2 object streams
 18 named destinations out of 1000 (max. 500000)
 73 words of extra memory for PDF output out of 10000 (max. 10000000)

